#
# A fatal error has been detected by the Java Runtime Environment:
#
#  EXCEPTION_ACCESS_VIOLATION (0xc0000005) at pc=0x00000247b9031085, pid=2944, tid=696
#
# JRE version: OpenJDK Runtime Environment Corretto-17.0.9.8.1 (17.0.9+8) (build 17.0.9+8-LTS)
# Java VM: OpenJDK 64-Bit Server VM Corretto-17.0.9.8.1 (17.0.9+8-LTS, mixed mode, sharing, tiered, compressed oops, compressed class ptrs, g1 gc, windows-amd64)
# Problematic frame:
# J 4044 c1 org.springframework.beans.factory.support.AbstractBeanDefinition.<init>(Lorg/springframework/beans/factory/config/BeanDefinition;)V
[error occurred during error reporting (printing problematic frame), id 0xc0000005, EXCEPTION_ACCESS_VIOLATION (0xc0000005) at pc=0x00007ffeec8ef106]

# No core dump will be written. Minidumps are not enabled by default on client versions of Windows
#
# If you would like to submit a bug report, please visit:
#   https://github.com/corretto/corretto-17/issues/
#

---------------  S U M M A R Y ------------

Command Line: -Dorg.gradle.internal.worker.tmpdir=C:\Users\HOME\IdeaProjects\nnzz\build\tmp\test\work -Xmx512m -Dfile.encoding=UTF-8 -Duser.country=KR -Duser.language=ko -Duser.variant -ea worker.org.gradle.process.internal.worker.GradleWorkerMain 'Gradle Test Executor 2'

Host: AMD Ryzen 5 1600 Six-Core Processor            , 16 cores, 15G,  Windows 10 , 64 bit Build 19041 (10.0.19041.3636)
Time: Wed Nov 20 23:15:32 2024  Windows 10 , 64 bit Build 19041 (10.0.19041.3636) elapsed time: 3.543860 seconds (0d 0h 0m 3s)

---------------  T H R E A D  ---------------

Current thread (0x00000247b0ca9330):  JavaThread "Test worker" [_thread_in_Java, id=696, stack(0x0000008adc700000,0x0000008adc800000)]

Stack: [0x0000008adc700000,0x0000008adc800000],  sp=0x0000008adc7fac20,  free space=1003k
Native frames: (J=compiled Java code, j=interpreted, Vv=VM code, C=native code)
C  0x00000247b9031085

The last pc belongs to nmethod (printed below).

siginfo: EXCEPTION_ACCESS_VIOLATION (0xc0000005), reading address 0xffffffffffffffff


Registers:
RAX=0x00000247ce1a7648, RBX=0x00000000013dc778, RCX=0x0000000000001528, RDX=0x00000000e2906ed0
RSP=0x0000008adc7fac20, RBP=0x00000000e2a6b8d8, RSI=0x00000000e0567158, RDI=0x000000000000002c
R8 =0x00000000e1b1a488, R9 =0x00000000e2906ed0, R10=0x00000000e0567100, R11=0x0000000000000658
R12=0x0000000000000000, R13=0x00000000e2907010, R14=0x00000000e2907020, R15=0x00000247b0ca9330
RIP=0x00000247b9031085, EFLAGS=0x0000000000010296


Register to memory mapping:

RIP=0x00000247b9031085 is at entry_point+4709 in (nmethod*)0x00000247b902f590
Compiled method (c1)    3552 4044       3       org.springframework.beans.factory.support.AbstractBeanDefinition::<init> (461 bytes)
 total in heap  [0x00000247b902f590,0x00000247b903a2d0] = 44352
 relocation     [0x00000247b902f6e8,0x00000247b902fe18] = 1840
 main code      [0x00000247b902fe20,0x00000247b90385c0] = 34720
 stub code      [0x00000247b90385c0,0x00000247b9038738] = 376
 oops           [0x00000247b9038738,0x00000247b9038748] = 16
 metadata       [0x00000247b9038748,0x00000247b9038a80] = 824
 scopes data    [0x00000247b9038a80,0x00000247b9039570] = 2800
 scopes pcs     [0x00000247b9039570,0x00000247b903a130] = 3008
 dependencies   [0x00000247b903a130,0x00000247b903a248] = 280
 nul chk table  [0x00000247b903a248,0x00000247b903a2d0] = 136
RAX=0x00000247ce1a7648 is a pointer to class: 

[error occurred during error reporting (printing register info), id 0xc0000005, EXCEPTION_ACCESS_VIOLATION (0xc0000005) at pc=0x00007ffeec8ef8ef]

Top of Stack: (sp=0x0000008adc7fac20)
0x0000008adc7fac20:   00000000e2906ed0 00007ffeecae20ec
0x0000008adc7fac30:   000002480eefd780 00000247aebceeb0
0x0000008adc7fac40:   00000000e2906e3b 00007ffeec7305f7
0x0000008adc7fac50:   00000000e2906de8 00000247cd42d748
0x0000008adc7fac60:   000002480eefd780 00000247b0ca9330
0x0000008adc7fac70:   00000000e2906e30 0000000000000003
0x0000008adc7fac80:   00000000e2906e34 00007ffeecbdd813
0x0000008adc7fac90:   00000247cd000d58 00000247b0ca9330
0x0000008adc7faca0:   00000000e2906de8 00007ffeec7c008c
0x0000008adc7facb0:   00000000e2906e30 0000000000000003
0x0000008adc7facc0:   0000000000000010 00000000e2906ed0
0x0000008adc7facd0:   00000000e1b1a488 00000000e2906e10
0x0000008adc7face0:   0000008adc7fad98 00007ffeecae0fdb
0x0000008adc7facf0:   0000000000000024 0000000000000000
0x0000008adc7fad00:   0000000000000005 000002480eefd732
0x0000008adc7fad10:   00000247b0ca9330 00000247b0ca9330
0x0000008adc7fad20:   00000247aeb0f000 00000247aebceeb0
0x0000008adc7fad30:   0000008adc7fad89 00007ffeecae4097
0x0000008adc7fad40:   00000000e2a6b8d8 00000247b910db64
0x0000008adc7fad50:   00000247aebceeb0 0000008adc7faea0
0x0000008adc7fad60:   00000247b0ca9330 0000000300000004
0x0000008adc7fad70:   0000008adc7fafb0 00000000e2906ed0
0x0000008adc7fad80:   00000000e1b1a488 00007ffeecb90055
0x0000008adc7fad90:   00000000e2a6b8d8 00000247b910f054
0x0000008adc7fada0:   0000008adc7fae99 0000008adc7faee0
0x0000008adc7fadb0:   0000008adc7fae28 00000247b0ca9330
0x0000008adc7fadc0:   00000000e09d17e0 00000247c04b0e30
0x0000008adc7fadd0:   0000000000000000 7b380a0900000000
0x0000008adc7fade0:   00000000e1c46c50 00000000e1b1a488
0x0000008adc7fadf0:   00000000e2906ed0 0000000000000000
0x0000008adc7fae00:   00000000e2a6b8d8 00000247b9055884
0x0000008adc7fae10:   00000000e1c46c50 00000000e1b24308 

Instructions: (pc=0x00000247b9031085)
0x00000247b9030f85:   b7 40 02 00 00 48 c7 87 48 02 00 00 01 00 00 00
0x00000247b9030f95:   e9 08 00 00 00 48 83 87 20 02 00 00 01 41 8b 70
0x00000247b9030fa5:   2c 48 8b fa 48 bb a0 08 ad 0f 48 02 00 00 8b 7f
0x00000247b9030fb5:   08 49 ba 00 00 00 cd 47 02 00 00 49 03 fa 48 3b
0x00000247b9030fc5:   bb 68 02 00 00 75 0d 48 83 83 70 02 00 00 01 e9
0x00000247b9030fd5:   66 00 00 00 48 3b bb 78 02 00 00 75 0d 48 83 83
0x00000247b9030fe5:   80 02 00 00 01 e9 50 00 00 00 48 81 bb 68 02 00
0x00000247b9030ff5:   00 00 00 00 00 75 17 48 89 bb 68 02 00 00 48 c7
0x00000247b9031005:   83 70 02 00 00 01 00 00 00 e9 2c 00 00 00 48 81
0x00000247b9031015:   bb 78 02 00 00 00 00 00 00 75 17 48 89 bb 78 02
0x00000247b9031025:   00 00 48 c7 83 80 02 00 00 01 00 00 00 e9 08 00
0x00000247b9031035:   00 00 48 83 83 58 02 00 00 01 41 0f be 7f 38 83
0x00000247b9031045:   ff 00 0f 85 3c 61 00 00 4c 8b d6 44 89 52 2c 48
0x00000247b9031055:   8b fa 48 33 fe 48 c1 ef 14 48 83 ff 00 0f 85 3c
0x00000247b9031065:   61 00 00 49 83 f8 00 0f 84 2a 00 00 00 48 b8 48
0x00000247b9031075:   76 1a ce 47 02 00 00 41 8b 58 08 49 ba 00 00 00
0x00000247b9031085:   cd 47 02 00 00 49 03 da 48 3b 43 48 0f 85 25 61
0x00000247b9031095:   00 00 e9 00 00 00 00 49 8b f0 49 8b f0 48 bf a0
0x00000247b90310a5:   08 ad 0f 48 02 00 00 8b 76 08 49 ba 00 00 00 cd
0x00000247b90310b5:   47 02 00 00 49 03 f2 48 3b b7 a0 02 00 00 75 0d
0x00000247b90310c5:   48 83 87 a8 02 00 00 01 e9 66 00 00 00 48 3b b7
0x00000247b90310d5:   b0 02 00 00 75 0d 48 83 87 b8 02 00 00 01 e9 50
0x00000247b90310e5:   00 00 00 48 81 bf a0 02 00 00 00 00 00 00 75 17
0x00000247b90310f5:   48 89 b7 a0 02 00 00 48 c7 87 a8 02 00 00 01 00
0x00000247b9031105:   00 00 e9 2c 00 00 00 48 81 bf b0 02 00 00 00 00
0x00000247b9031115:   00 00 75 17 48 89 b7 b0 02 00 00 48 c7 87 b8 02
0x00000247b9031125:   00 00 01 00 00 00 e9 08 00 00 00 48 83 87 90 02
0x00000247b9031135:   00 00 01 41 0f be 70 20 48 8b fa 48 bb a0 08 ad
0x00000247b9031145:   0f 48 02 00 00 8b 7f 08 49 ba 00 00 00 cd 47 02
0x00000247b9031155:   00 00 49 03 fa 48 3b bb d8 02 00 00 75 0d 48 83
0x00000247b9031165:   83 e0 02 00 00 01 e9 66 00 00 00 48 3b bb e8 02
0x00000247b9031175:   00 00 75 0d 48 83 83 f0 02 00 00 01 e9 50 00 00 


Stack slot to memory mapping:
stack at sp + 0 slots: 0x00000000e2906ed0 is an oop: org.springframework.context.annotation.ConfigurationClassBeanDefinitionReader$ConfigurationClassBeanDefinition 
{0x00000000e2906ed0} - klass: 'org/springframework/context/annotation/ConfigurationClassBeanDefinitionReader$ConfigurationClassBeanDefinition'
 - ---- fields (total size 24 words):
 - private final 'attributes' 'Ljava/util/Map;' @12  a 'java/util/LinkedHashMap'{0x00000000e2906f90} (e2906f90)
 - private 'source' 'Ljava/lang/Object;' @16  NULL (0)
 - private 'autowireMode' 'I' @20  0
 - private 'dependencyCheck' 'I' @24  0
 - private 'role' 'I' @28  0
 - private 'abstractFlag' 'Z' @32  false
 - private 'autowireCandidate' 'Z' @33  true
 - private 'primary' 'Z' @34  false
 - private 'nonPublicAccessAllowed' 'Z' @35  true
 - private 'lenientConstructorResolution' 'Z' @36  true
 - private 'enforceInitMethod' 'Z' @37  true
 - private 'enforceDestroyMethod' 'Z' @38  true
 - private 'synthetic' 'Z' @39  false
 - private volatile 'beanClass' 'Ljava/lang/Object;' @40  "org.springframework.boot.autoconfigure.dao.PersistenceExceptionTranslationAutoConfiguration"{0x00000000e1ddcd00} (e1ddcd00)
 - private 'scope' 'Ljava/lang/String;' @44  ""{0x00000000e0567158} (e0567158)
 - private 'lazyInit' 'Ljava/lang/Boolean;' @48  NULL (0)
 - private 'dependsOn' '[Ljava/lang/String;' @52  NULL (0)
 - private final 'qualifiers' 'Ljava/util/Map;' @56  a 'java/util/LinkedHashMap'{0x00000000e2906fc8} (e2906fc8)
 - private 'instanceSupplier' 'Ljava/util/function/Supplier;' @60  NULL (0)
 - private 'factoryBeanName' 'Ljava/lang/String;' @64  NULL (0)
 - private 'factoryMethodName' 'Ljava/lang/String;' @68  NULL (0)
 - private 'constructorArgumentValues' 'Lorg/springframework/beans/factory/config/ConstructorArgumentValues;' @72  NULL (0)
 - private 'propertyValues' 'Lorg/springframework/beans/MutablePropertyValues;' @76  NULL (0)
 - private 'methodOverrides' 'Lorg/springframework/beans/factory/support/MethodOverrides;' @80  a 'org/springframework/beans/factory/support/MethodOverrides'{0x00000000e2907000} (e2907000)
 - private 'initMethodNames' '[Ljava/lang/String;' @84  NULL (0)
 - private 'destroyMethodNames' '[Ljava/lang/String;' @88  NULL (0)
 - private 'description' 'Ljava/lang/String;' @92  NULL (0)
 - private 'resource' 'Lorg/springframework/core/io/Resource;' @96  NULL (0)
 - volatile 'stale' 'Z' @100  false
 - 'allowCaching' 'Z' @101  false
 - 'isFactoryMethodUnique' 'Z' @102  false
 - 'constructorArgumentsResolved' 'Z' @103  false
 - 'postProcessed' 'Z' @104  false
 - private 'decoratedDefinition' 'Lorg/springframework/beans/factory/config/BeanDefinitionHolder;' @108  NULL (0)
 - private 'qualifiedElement' 'Ljava/lang/reflect/AnnotatedElement;' @112  NULL (0)
 - volatile 'targetType' 'Lorg/springframework/core/ResolvableType;' @116  NULL (0)
 - volatile 'resolvedTargetType' 'Ljava/lang/Class;' @120  NULL (0)
 - volatile 'isFactoryBean' 'Ljava/lang/Boolean;' @124  NULL (0)
 - volatile 'factoryMethodReturnType' 'Lorg/springframework/core/ResolvableType;' @128  NULL (0)
 - volatile 'factoryMethodToIntrospect' 'Ljava/lang/reflect/Method;' @132  NULL (0)
 - volatile 'resolvedDestroyMethodName' 'Ljava/lang/String;' @136  NULL (0)
 - final 'constructorArgumentLock' 'Ljava/lang/Object;' @140  NULL (0)
 - 'resolvedConstructorOrFactoryMethod' 'Ljava/lang/reflect/Executable;' @144  NULL (0)
 - 'resolvedConstructorArguments' '[Ljava/lang/Object;' @148  NULL (0)
 - 'preparedConstructorArguments' '[Ljava/lang/Object;' @152  NULL (0)
 - final 'postProcessingLock' 'Ljava/lang/Object;' @156  NULL (0)
 - volatile 'beforeInstantiationResolved' 'Ljava/lang/Boolean;' @160  NULL (0)
 - private 'externallyManagedConfigMembers' 'Ljava/util/Set;' @164  NULL (0)
 - private 'externallyManagedInitMethods' 'Ljava/util/Set;' @168  NULL (0)
 - private 'externallyManagedDestroyMethods' 'Ljava/util/Set;' @172  NULL (0)
 - private final 'annotationMetadata' 'Lorg/springframework/core/type/AnnotationMetadata;' @176  NULL (0)
 - private final 'factoryMethodMetadata' 'Lorg/springframework/core/type/MethodMetadata;' @180  NULL (0)
 - private final 'derivedBeanName' 'Ljava/lang/String;' @184  NULL (0)
stack at sp + 1 slots: 0x00007ffeecae20ec jvm.dll
stack at sp + 2 slots: {method} {0x000002480eefd788} 'addAll' '(Ljava/util/Collection;)Z' in 'org/springframework/beans/factory/support/AbstractBeanFactory$BeanPostProcessorCacheAwareList'
stack at sp + 3 slots: 0x00000247aebceeb0 points into unknown readable memory: 0x00000000e09d16e8 | e8 16 9d e0 00 00 00 00
stack at sp + 4 slots: 0x00000000e2906e3b is pointing into object: [Ljava.lang.Object; 
{0x00000000e2906e10} - klass: 'java/lang/Object'[]
 - length: 10
stack at sp + 5 slots: 0x00007ffeec7305f7 jvm.dll
stack at sp + 6 slots: 0x00000000e2906de8 is an oop: [Ljava.lang.Object; 
{0x00000000e2906de8} - klass: 'java/lang/Object'[]
 - length: 5
stack at sp + 7 slots: {method} {0x00000247cd42d750} 'contains' '(Ljava/lang/Object;)Z' in 'java/util/ArrayList'


Compiled method (c1)    3608 4044       3       org.springframework.beans.factory.support.AbstractBeanDefinition::<init> (461 bytes)
 total in heap  [0x00000247b902f590,0x00000247b903a2d0] = 44352
 relocation     [0x00000247b902f6e8,0x00000247b902fe18] = 1840
 main code      [0x00000247b902fe20,0x00000247b90385c0] = 34720
 stub code      [0x00000247b90385c0,0x00000247b9038738] = 376
 oops           [0x00000247b9038738,0x00000247b9038748] = 16
 metadata       [0x00000247b9038748,0x00000247b9038a80] = 824
 scopes data    [0x00000247b9038a80,0x00000247b9039570] = 2800
 scopes pcs     [0x00000247b9039570,0x00000247b903a130] = 3008
 dependencies   [0x00000247b903a130,0x00000247b903a248] = 280
 nul chk table  [0x00000247b903a248,0x00000247b903a2d0] = 136

[Constant Pool (empty)]

[MachCode]
[Entry Point]
  # {method} {0x000002480eaf0288} '<init>' '(Lorg/springframework/beans/factory/config/BeanDefinition;)V' in 
[error occurred during error reporting (printing code blobs if possible), id 0xc0000005, EXCEPTION_ACCESS_VIOLATION (0xc0000005) at pc=0x00007ffeecac0eca]


---------------  P R O C E S S  ---------------

Threads class SMR info:
_java_thread_list=0x000002481431ff70, length=20, elements={
0x00000247b0ca9330, 0x00000247cc2b3b10, 0x00000247cc2b5040, 0x00000247cc2ce5d0,
0x00000247cc2d1220, 0x00000247cc2d43a0, 0x00000247cc2d8910, 0x00000247cc2dad70,
0x00000247cc2dc670, 0x00000247cc2eeb80, 0x00000247cc49ce50, 0x00000247cc4efde0,
0x00000247cc4f2980, 0x00000247ccddbd00, 0x00000247ccddc500, 0x00000247cce2c1d0,
0x00000247cce7d060, 0x00000247ccf53eb0, 0x00000247ccc4be90, 0x000002481211c750
}

Java Threads: ( => current thread )
=>0x00000247b0ca9330 JavaThread "Test worker" [_thread_in_Java, id=696, stack(0x0000008adc700000,0x0000008adc800000)]
  0x00000247cc2b3b10 JavaThread "Reference Handler" daemon [_thread_blocked, id=22648, stack(0x0000008adce00000,0x0000008adcf00000)]
  0x00000247cc2b5040 JavaThread "Finalizer" daemon [_thread_blocked, id=22072, stack(0x0000008adcf00000,0x0000008add000000)]
  0x00000247cc2ce5d0 JavaThread "Signal Dispatcher" daemon [_thread_blocked, id=6224, stack(0x0000008add000000,0x0000008add100000)]
  0x00000247cc2d1220 JavaThread "Attach Listener" daemon [_thread_blocked, id=10124, stack(0x0000008add100000,0x0000008add200000)]
  0x00000247cc2d43a0 JavaThread "Service Thread" daemon [_thread_blocked, id=5360, stack(0x0000008add200000,0x0000008add300000)]
  0x00000247cc2d8910 JavaThread "Monitor Deflation Thread" daemon [_thread_blocked, id=22700, stack(0x0000008add300000,0x0000008add400000)]
  0x00000247cc2dad70 JavaThread "C2 CompilerThread0" daemon [_thread_in_native, id=21992, stack(0x0000008add400000,0x0000008add500000)]
  0x00000247cc2dc670 JavaThread "C1 CompilerThread0" daemon [_thread_blocked, id=6184, stack(0x0000008add500000,0x0000008add600000)]
  0x00000247cc2eeb80 JavaThread "Sweeper thread" daemon [_thread_blocked, id=17476, stack(0x0000008add600000,0x0000008add700000)]
  0x00000247cc49ce50 JavaThread "C1 CompilerThread1" daemon [_thread_blocked, id=20000, stack(0x0000008add700000,0x0000008add800000)]
  0x00000247cc4efde0 JavaThread "Notification Thread" daemon [_thread_blocked, id=22976, stack(0x0000008add800000,0x0000008add900000)]
  0x00000247cc4f2980 JavaThread "Common-Cleaner" daemon [_thread_blocked, id=21688, stack(0x0000008adda00000,0x0000008addb00000)]
  0x00000247ccddbd00 JavaThread "C1 CompilerThread2" daemon [_thread_blocked, id=16888, stack(0x0000008addb00000,0x0000008addc00000)]
  0x00000247ccddc500 JavaThread "C1 CompilerThread3" daemon [_thread_blocked, id=16024, stack(0x0000008addc00000,0x0000008addd00000)]
  0x00000247cce2c1d0 JavaThread "/127.0.0.1:9965 to /127.0.0.1:9964 workers" [_thread_blocked, id=21836, stack(0x0000008adde00000,0x0000008addf00000)]
  0x00000247cce7d060 JavaThread "C2 CompilerThread1" daemon [_thread_blocked, id=1432, stack(0x0000008addf00000,0x0000008ade000000)]
  0x00000247ccf53eb0 JavaThread "/127.0.0.1:9965 to /127.0.0.1:9964 workers Thread 2" [_thread_blocked, id=7572, stack(0x0000008ade000000,0x0000008ade100000)]
  0x00000247ccc4be90 JavaThread "/127.0.0.1:9965 to /127.0.0.1:9964 workers Thread 3" [_thread_in_native, id=11164, stack(0x0000008ade100000,0x0000008ade200000)]
  0x000002481211c750 JavaThread "C2 CompilerThread2" daemon [_thread_in_vm, id=22712, stack(0x0000008ade200000,0x0000008ade300000)]

Other Threads:
  0x00000247cc2aef90 VMThread "VM Thread" [stack: 0x0000008adcd00000,0x0000008adce00000] [id=12568]
  0x00000247cc4f26e0 WatcherThread [stack: 0x0000008add900000,0x0000008adda00000] [id=20804]
  0x00000247b0cd7a40 GCTaskThread "GC Thread#0" [stack: 0x0000008adc800000,0x0000008adc900000] [id=22804]
  0x00000248120fbad0 GCTaskThread "GC Thread#1" [stack: 0x0000008ade300000,0x0000008ade400000] [id=18464]
  0x00000247ccf86c20 GCTaskThread "GC Thread#2" [stack: 0x0000008ade400000,0x0000008ade500000] [id=22616]
  0x00000247ccf86ee0 GCTaskThread "GC Thread#3" [stack: 0x0000008ade500000,0x0000008ade600000] [id=22492]
  0x00000247ccf871a0 GCTaskThread "GC Thread#4" [stack: 0x0000008ade600000,0x0000008ade700000] [id=17544]
  0x00000247ccf87460 GCTaskThread "GC Thread#5" [stack: 0x0000008ade700000,0x0000008ade800000] [id=6100]
  0x00000248120da270 GCTaskThread "GC Thread#6" [stack: 0x0000008ade800000,0x0000008ade900000] [id=23364]
  0x00000248127a7290 GCTaskThread "GC Thread#7" [stack: 0x0000008ade900000,0x0000008adea00000] [id=7964]
  0x0000024812213550 GCTaskThread "GC Thread#8" [stack: 0x0000008adea00000,0x0000008adeb00000] [id=15312]
  0x0000024812a50d00 GCTaskThread "GC Thread#9" [stack: 0x0000008adeb00000,0x0000008adec00000] [id=22844]
  0x0000024812a50fc0 GCTaskThread "GC Thread#10" [stack: 0x0000008adec00000,0x0000008aded00000] [id=22584]
  0x0000024813aefc00 GCTaskThread "GC Thread#11" [stack: 0x0000008adee00000,0x0000008adef00000] [id=23480]
  0x0000024813aef680 GCTaskThread "GC Thread#12" [stack: 0x0000008adef00000,0x0000008adf000000] [id=17636]
  0x00000247b0cdd8b0 ConcurrentGCThread "G1 Main Marker" [stack: 0x0000008adc900000,0x0000008adca00000] [id=23000]
  0x00000247b0cde980 ConcurrentGCThread "G1 Conc#0" [stack: 0x0000008adca00000,0x0000008adcb00000] [id=22884]
  0x0000024813aef940 ConcurrentGCThread "G1 Conc#1" [stack: 0x0000008adf000000,0x0000008adf100000] [id=11852]
  0x0000024813aeeb80 ConcurrentGCThread "G1 Conc#2" [stack: 0x0000008adf100000,0x0000008adf200000] [id=21832]
  0x00000247cc172160 ConcurrentGCThread "G1 Refine#0" [stack: 0x0000008adcb00000,0x0000008adcc00000] [id=22192]
  0x00000247cc172aa0 ConcurrentGCThread "G1 Service" [stack: 0x0000008adcc00000,0x0000008adcd00000] [id=22908]

Threads with active compile tasks:
C2 CompilerThread0     3615 4405       4       org.springframework.boot.context.properties.source.SpringConfigurationPropertySources$SourcesIterator::fetchNext (139 bytes)
C2 CompilerThread2     3615 4408       4       org.springframework.beans.factory.support.AbstractBeanFactory::isTypeMatch (745 bytes)

VM state: not at safepoint (normal execution)

VM Mutex/Monitor currently owned by a thread: None

Heap address: 0x00000000e0000000, size: 512 MB, Compressed Oops mode: 32-bit

CDS archive(s) mapped at: [0x00000247cd000000-0x00000247cdba0000-0x00000247cdba0000), size 12189696, SharedBaseAddress: 0x00000247cd000000, ArchiveRelocationMode: 1.
Compressed class space mapped at: 0x00000247ce000000-0x000002480e000000, reserved size: 1073741824
Narrow klass base: 0x00000247cd000000, Narrow klass shift: 0, Narrow klass range: 0x100000000

GC Precious Log:
 CPUs: 16 total, 16 available
 Memory: 16309M
 Large Page Support: Disabled
 NUMA Support: Disabled
 Compressed Oops: Enabled (32-bit)
 Heap Region Size: 1M
 Heap Min Capacity: 8M
 Heap Initial Capacity: 256M
 Heap Max Capacity: 512M
 Pre-touch: Disabled
 Parallel Workers: 13
 Concurrent Workers: 3
 Concurrent Refinement Workers: 13
 Periodic GC: Disabled

Heap:
 garbage-first heap   total 51200K, used 27567K [0x00000000e0000000, 0x0000000100000000)
  region size 1024K, 12 young (12288K), 3 survivors (3072K)
 Metaspace       used 33240K, committed 33728K, reserved 1114112K
  class space    used 4331K, committed 4544K, reserved 1048576K

Heap Regions: E=young(eden), S=young(survivor), O=old, HS=humongous(starts), HC=humongous(continues), CS=collection set, F=free, OA=open archive, CA=closed archive, TAMS=top-at-mark-start (previous, next)
|   0|0x00000000e0000000, 0x00000000e0100000, 0x00000000e0100000|100%| O|  |TAMS 0x00000000e0100000, 0x00000000e0000000| Untracked 
|   1|0x00000000e0100000, 0x00000000e0200000, 0x00000000e0200000|100%| O|  |TAMS 0x00000000e0200000, 0x00000000e0100000| Untracked 
|   2|0x00000000e0200000, 0x00000000e0300000, 0x00000000e0300000|100%| O|  |TAMS 0x00000000e0300000, 0x00000000e0200000| Untracked 
|   3|0x00000000e0300000, 0x00000000e0400000, 0x00000000e0400000|100%| O|  |TAMS 0x00000000e0400000, 0x00000000e0300000| Untracked 
|   4|0x00000000e0400000, 0x00000000e0500000, 0x00000000e0500000|100%| O|  |TAMS 0x00000000e0500000, 0x00000000e0400000| Untracked 
|   5|0x00000000e0500000, 0x00000000e0600000, 0x00000000e0600000|100%| O|  |TAMS 0x00000000e0600000, 0x00000000e0500000| Untracked 
|   6|0x00000000e0600000, 0x00000000e0700000, 0x00000000e0700000|100%| O|  |TAMS 0x00000000e0700000, 0x00000000e0600000| Untracked 
|   7|0x00000000e0700000, 0x00000000e0800000, 0x00000000e0800000|100%| O|  |TAMS 0x00000000e0800000, 0x00000000e0700000| Untracked 
|   8|0x00000000e0800000, 0x00000000e0900000, 0x00000000e0900000|100%| O|  |TAMS 0x00000000e0800000, 0x00000000e0800000| Untracked 
|   9|0x00000000e0900000, 0x00000000e0a00000, 0x00000000e0a00000|100%| O|  |TAMS 0x00000000e0900000, 0x00000000e0900000| Untracked 
|  10|0x00000000e0a00000, 0x00000000e0b00000, 0x00000000e0b00000|100%| O|  |TAMS 0x00000000e0a00000, 0x00000000e0a00000| Untracked 
|  11|0x00000000e0b00000, 0x00000000e0c00000, 0x00000000e0c00000|100%| O|  |TAMS 0x00000000e0b00000, 0x00000000e0b00000| Untracked 
|  12|0x00000000e0c00000, 0x00000000e0d00000, 0x00000000e0d00000|100%| O|  |TAMS 0x00000000e0c00000, 0x00000000e0c00000| Untracked 
|  13|0x00000000e0d00000, 0x00000000e0e00000, 0x00000000e0e00000|100%| O|  |TAMS 0x00000000e0d00000, 0x00000000e0d00000| Untracked 
|  14|0x00000000e0e00000, 0x00000000e0f00000, 0x00000000e0f00000|100%| O|  |TAMS 0x00000000e0e00000, 0x00000000e0e00000| Untracked 
|  15|0x00000000e0f00000, 0x00000000e1000000, 0x00000000e1000000|100%| O|  |TAMS 0x00000000e0f00000, 0x00000000e0f00000| Untracked 
|  16|0x00000000e1000000, 0x00000000e1072400, 0x00000000e1100000| 44%| O|  |TAMS 0x00000000e1000000, 0x00000000e1000000| Untracked 
|  17|0x00000000e1100000, 0x00000000e1100000, 0x00000000e1200000|  0%| F|  |TAMS 0x00000000e1100000, 0x00000000e1100000| Untracked 
|  18|0x00000000e1200000, 0x00000000e1200000, 0x00000000e1300000|  0%| F|  |TAMS 0x00000000e1200000, 0x00000000e1200000| Untracked 
|  19|0x00000000e1300000, 0x00000000e1300000, 0x00000000e1400000|  0%| F|  |TAMS 0x00000000e1300000, 0x00000000e1300000| Untracked 
|  20|0x00000000e1400000, 0x00000000e1400000, 0x00000000e1500000|  0%| F|  |TAMS 0x00000000e1400000, 0x00000000e1400000| Untracked 
|  21|0x00000000e1500000, 0x00000000e1500000, 0x00000000e1600000|  0%| F|  |TAMS 0x00000000e1500000, 0x00000000e1500000| Untracked 
|  22|0x00000000e1600000, 0x00000000e1600000, 0x00000000e1700000|  0%| F|  |TAMS 0x00000000e1600000, 0x00000000e1600000| Untracked 
|  23|0x00000000e1700000, 0x00000000e1700000, 0x00000000e1800000|  0%| F|  |TAMS 0x00000000e1700000, 0x00000000e1700000| Untracked 
|  24|0x00000000e1800000, 0x00000000e1800000, 0x00000000e1900000|  0%| F|  |TAMS 0x00000000e1800000, 0x00000000e1800000| Untracked 
|  25|0x00000000e1900000, 0x00000000e1900000, 0x00000000e1a00000|  0%| F|  |TAMS 0x00000000e1900000, 0x00000000e1900000| Untracked 
|  26|0x00000000e1a00000, 0x00000000e1a00000, 0x00000000e1b00000|  0%| F|  |TAMS 0x00000000e1a00000, 0x00000000e1a00000| Untracked 
|  27|0x00000000e1b00000, 0x00000000e1b79a40, 0x00000000e1c00000| 47%| S|CS|TAMS 0x00000000e1b00000, 0x00000000e1b00000| Complete 
|  28|0x00000000e1c00000, 0x00000000e1d00000, 0x00000000e1d00000|100%| S|CS|TAMS 0x00000000e1c00000, 0x00000000e1c00000| Complete 
|  29|0x00000000e1d00000, 0x00000000e1e00000, 0x00000000e1e00000|100%| S|CS|TAMS 0x00000000e1d00000, 0x00000000e1d00000| Complete 
|  30|0x00000000e1e00000, 0x00000000e1e00000, 0x00000000e1f00000|  0%| F|  |TAMS 0x00000000e1e00000, 0x00000000e1e00000| Untracked 
|  31|0x00000000e1f00000, 0x00000000e1f00000, 0x00000000e2000000|  0%| F|  |TAMS 0x00000000e1f00000, 0x00000000e1f00000| Untracked 
|  32|0x00000000e2000000, 0x00000000e2000000, 0x00000000e2100000|  0%| F|  |TAMS 0x00000000e2000000, 0x00000000e2000000| Untracked 
|  33|0x00000000e2100000, 0x00000000e2100000, 0x00000000e2200000|  0%| F|  |TAMS 0x00000000e2100000, 0x00000000e2100000| Untracked 
|  34|0x00000000e2200000, 0x00000000e2200000, 0x00000000e2300000|  0%| F|  |TAMS 0x00000000e2200000, 0x00000000e2200000| Untracked 
|  35|0x00000000e2300000, 0x00000000e2300000, 0x00000000e2400000|  0%| F|  |TAMS 0x00000000e2300000, 0x00000000e2300000| Untracked 
|  36|0x00000000e2400000, 0x00000000e2400000, 0x00000000e2500000|  0%| F|  |TAMS 0x00000000e2400000, 0x00000000e2400000| Untracked 
|  37|0x00000000e2500000, 0x00000000e2500000, 0x00000000e2600000|  0%| F|  |TAMS 0x00000000e2500000, 0x00000000e2500000| Untracked 
|  38|0x00000000e2600000, 0x00000000e2600000, 0x00000000e2700000|  0%| F|  |TAMS 0x00000000e2600000, 0x00000000e2600000| Untracked 
|  39|0x00000000e2700000, 0x00000000e2700000, 0x00000000e2800000|  0%| F|  |TAMS 0x00000000e2700000, 0x00000000e2700000| Untracked 
|  40|0x00000000e2800000, 0x00000000e2800000, 0x00000000e2900000|  0%| F|  |TAMS 0x00000000e2800000, 0x00000000e2800000| Untracked 
|  41|0x00000000e2900000, 0x00000000e2957250, 0x00000000e2a00000| 34%| E|  |TAMS 0x00000000e2900000, 0x00000000e2900000| Complete 
|  42|0x00000000e2a00000, 0x00000000e2b00000, 0x00000000e2b00000|100%| E|CS|TAMS 0x00000000e2a00000, 0x00000000e2a00000| Complete 
|  43|0x00000000e2b00000, 0x00000000e2c00000, 0x00000000e2c00000|100%| E|CS|TAMS 0x00000000e2b00000, 0x00000000e2b00000| Complete 
| 247|0x00000000ef700000, 0x00000000ef800000, 0x00000000ef800000|100%| E|CS|TAMS 0x00000000ef700000, 0x00000000ef700000| Complete 
| 248|0x00000000ef800000, 0x00000000ef900000, 0x00000000ef900000|100%| E|CS|TAMS 0x00000000ef800000, 0x00000000ef800000| Complete 
| 249|0x00000000ef900000, 0x00000000efa00000, 0x00000000efa00000|100%| E|CS|TAMS 0x00000000ef900000, 0x00000000ef900000| Complete 
| 250|0x00000000efa00000, 0x00000000efb00000, 0x00000000efb00000|100%| E|CS|TAMS 0x00000000efa00000, 0x00000000efa00000| Complete 
| 251|0x00000000efb00000, 0x00000000efc00000, 0x00000000efc00000|100%| E|CS|TAMS 0x00000000efb00000, 0x00000000efb00000| Complete 
| 255|0x00000000eff00000, 0x00000000f0000000, 0x00000000f0000000|100%| E|CS|TAMS 0x00000000eff00000, 0x00000000eff00000| Complete 

Card table byte_map: [0x00000247c8130000,0x00000247c8230000] _byte_map_base: 0x00000247c7a30000

Marking Bits (Prev, Next): (CMBitMap*) 0x00000247b0cd8fc0, (CMBitMap*) 0x00000247b0cd8f80
 Prev Bits: [0x00000247c8b30000, 0x00000247c9330000)
 Next Bits: [0x00000247c8330000, 0x00000247c8b30000)

Polling page: 0x00000247b0460000

Metaspace:

Usage:
  Non-class:     28.23 MB used.
      Class:      4.23 MB used.
       Both:     32.46 MB used.

Virtual space:
  Non-class space:       64.00 MB reserved,      28.50 MB ( 45%) committed,  1 nodes.
      Class space:        1.00 GB reserved,       4.44 MB ( <1%) committed,  1 nodes.
             Both:        1.06 GB reserved,      32.94 MB (  3%) committed. 

Chunk freelists:
   Non-Class:  3.48 MB
       Class:  11.55 MB
        Both:  15.03 MB

MaxMetaspaceSize: unlimited
CompressedClassSpaceSize: 1.00 GB
Initial GC threshold: 21.00 MB
Current GC threshold: 35.44 MB
CDS: on
MetaspaceReclaimPolicy: balanced
 - commit_granule_bytes: 65536.
 - commit_granule_words: 8192.
 - virtual_space_node_default_size: 8388608.
 - enlarge_chunks_in_place: 1.
 - new_chunks_are_fully_committed: 0.
 - uncommit_free_chunks: 1.
 - use_allocation_guard: 0.
 - handle_deallocations: 1.


Internal statistics:

num_allocs_failed_limit: 5.
num_arena_births: 514.
num_arena_deaths: 0.
num_vsnodes_births: 2.
num_vsnodes_deaths: 0.
num_space_committed: 527.
num_space_uncommitted: 0.
num_chunks_returned_to_freelist: 5.
num_chunks_taken_from_freelist: 1720.
num_chunk_merges: 5.
num_chunk_splits: 1176.
num_chunks_enlarged: 868.
num_inconsistent_stats: 0.

CodeHeap 'non-profiled nmethods': size=119168Kb used=2211Kb max_used=2211Kb free=116956Kb
 bounds [0x00000247c0350000, 0x00000247c05c0000, 0x00000247c77b0000]
CodeHeap 'profiled nmethods': size=119104Kb used=9629Kb max_used=9629Kb free=109474Kb
 bounds [0x00000247b87b0000, 0x00000247b9120000, 0x00000247bfc00000]
CodeHeap 'non-nmethods': size=7488Kb used=3257Kb max_used=3310Kb free=4231Kb
 bounds [0x00000247bfc00000, 0x00000247bff50000, 0x00000247c0350000]
 total_blobs=5053 nmethods=4424 adapters=538
 compilation: enabled
              stopped_count=0, restarted_count=0
 full_count=0

Compilation events (20 events):
Event: 3.525 Thread 0x00000247ccddbd00 4422       3       java.beans.PropertyEditorSupport::<init> (10 bytes)
Event: 3.525 Thread 0x00000247ccddc500 4423       3       org.springframework.core.convert.support.GenericConversionService$Converters::addToClassHierarchy (30 bytes)
Event: 3.525 Thread 0x00000247ccddbd00 nmethod 4422 0x00000247b9113e90 code [0x00000247b9114020, 0x00000247b9114278]
Event: 3.525 Thread 0x00000247ccddc500 nmethod 4423 0x00000247b9114310 code [0x00000247b91144e0, 0x00000247b9114968]
Event: 3.528 Thread 0x00000247ccddbd00 4424       3       org.springframework.beans.support.ResourceEditorRegistrar::doRegisterEditor (32 bytes)
Event: 3.528 Thread 0x00000247cc49ce50 4425       3       org.springframework.beans.PropertyEditorRegistrySupport::overrideDefaultEditor (31 bytes)
Event: 3.528 Thread 0x00000247cc49ce50 nmethod 4425 0x00000247b9114b90 code [0x00000247b9114d60, 0x00000247b9115168]
Event: 3.528 Thread 0x00000247ccddbd00 nmethod 4424 0x00000247b9115310 code [0x00000247b9115520, 0x00000247b9115e78]
Event: 3.529 Thread 0x00000247cc2dad70 nmethod 4380 0x00000247c0569d10 code [0x00000247c0569f40, 0x00000247c056af08]
Event: 3.529 Thread 0x00000247cc2dad70 4419       4       java.util.LinkedHashMap$LinkedKeySet::size (8 bytes)
Event: 3.529 Thread 0x00000247cc2dad70 nmethod 4419 0x00000247c056b710 code [0x00000247c056b880, 0x00000247c056b918]
Event: 3.529 Thread 0x00000247cc2dad70 4397       4       java.lang.invoke.DirectMethodHandle$Holder::newInvokeSpecial (24 bytes)
Event: 3.530 Thread 0x00000247cc2dad70 nmethod 4397 0x00000247c056ba10 code [0x00000247c056bba0, 0x00000247c056bda8]
Event: 3.530 Thread 0x00000247cc2dad70 4405       4       org.springframework.boot.context.properties.source.SpringConfigurationPropertySources$SourcesIterator::fetchNext (139 bytes)
Event: 3.533 Thread 0x00000247cce7d060 nmethod 4152 0x00000247c056bf90 code [0x00000247c056cee0, 0x00000247c0573a08]
Event: 3.534 Thread 0x00000247cce7d060 4403       4       org.springframework.boot.context.properties.source.ConfigurationPropertyName$Elements::getLength (46 bytes)
Event: 3.534 Thread 0x00000247cc49ce50 4426   !   3       org.springframework.beans.factory.support.DefaultSingletonBeanRegistry::getSingleton (147 bytes)
Event: 3.535 Thread 0x00000247cce7d060 nmethod 4403 0x00000247c0577d10 code [0x00000247c0577ea0, 0x00000247c0577ff8]
Event: 3.535 Thread 0x00000247cc49ce50 nmethod 4426 0x00000247b9116110 code [0x00000247b9116380, 0x00000247b91170e8]
Event: 3.535 Thread 0x00000247cce7d060 4427       4       org.springframework.beans.factory.support.DefaultSingletonBeanRegistry::isSingletonCurrentlyInCreation (11 bytes)

GC Heap History (18 events):
Event: 0.701 GC heap before
{Heap before GC invocations=0 (full 0):
 garbage-first heap   total 262144K, used 22528K [0x00000000e0000000, 0x0000000100000000)
  region size 1024K, 23 young (23552K), 0 survivors (0K)
 Metaspace       used 6001K, committed 6208K, reserved 1114112K
  class space    used 760K, committed 896K, reserved 1048576K
}
Event: 0.706 GC heap after
{Heap after GC invocations=1 (full 0):
 garbage-first heap   total 262144K, used 8604K [0x00000000e0000000, 0x0000000100000000)
  region size 1024K, 3 young (3072K), 3 survivors (3072K)
 Metaspace       used 6001K, committed 6208K, reserved 1114112K
  class space    used 760K, committed 896K, reserved 1048576K
}
Event: 1.146 GC heap before
{Heap before GC invocations=1 (full 0):
 garbage-first heap   total 262144K, used 30108K [0x00000000e0000000, 0x0000000100000000)
  region size 1024K, 24 young (24576K), 3 survivors (3072K)
 Metaspace       used 10751K, committed 11072K, reserved 1114112K
  class space    used 1423K, committed 1600K, reserved 1048576K
}
Event: 1.149 GC heap after
{Heap after GC invocations=2 (full 0):
 garbage-first heap   total 262144K, used 10113K [0x00000000e0000000, 0x0000000100000000)
  region size 1024K, 2 young (2048K), 2 survivors (2048K)
 Metaspace       used 10751K, committed 11072K, reserved 1114112K
  class space    used 1423K, committed 1600K, reserved 1048576K
}
Event: 1.982 GC heap before
{Heap before GC invocations=2 (full 0):
 garbage-first heap   total 262144K, used 56193K [0x00000000e0000000, 0x0000000100000000)
  region size 1024K, 48 young (49152K), 2 survivors (2048K)
 Metaspace       used 20511K, committed 20928K, reserved 1114112K
  class space    used 2736K, committed 2944K, reserved 1048576K
}
Event: 1.985 GC heap after
{Heap after GC invocations=3 (full 0):
 garbage-first heap   total 262144K, used 12722K [0x00000000e0000000, 0x0000000100000000)
  region size 1024K, 5 young (5120K), 5 survivors (5120K)
 Metaspace       used 20511K, committed 20928K, reserved 1114112K
  class space    used 2736K, committed 2944K, reserved 1048576K
}
Event: 2.011 GC heap before
{Heap before GC invocations=3 (full 0):
 garbage-first heap   total 262144K, used 15794K [0x00000000e0000000, 0x0000000100000000)
  region size 1024K, 9 young (9216K), 5 survivors (5120K)
 Metaspace       used 21213K, committed 21504K, reserved 1114112K
  class space    used 2786K, committed 2944K, reserved 1048576K
}
Event: 2.014 GC heap after
{Heap after GC invocations=4 (full 0):
 garbage-first heap   total 262144K, used 13278K [0x00000000e0000000, 0x0000000100000000)
  region size 1024K, 5 young (5120K), 5 survivors (5120K)
 Metaspace       used 21213K, committed 21504K, reserved 1114112K
  class space    used 2786K, committed 2944K, reserved 1048576K
}
Event: 2.332 GC heap before
{Heap before GC invocations=5 (full 0):
 garbage-first heap   total 51200K, used 36830K [0x00000000e0000000, 0x0000000100000000)
  region size 1024K, 29 young (29696K), 5 survivors (5120K)
 Metaspace       used 26113K, committed 26496K, reserved 1114112K
  class space    used 3423K, committed 3584K, reserved 1048576K
}
Event: 2.336 GC heap after
{Heap after GC invocations=6 (full 0):
 garbage-first heap   total 51200K, used 15247K [0x00000000e0000000, 0x0000000100000000)
  region size 1024K, 3 young (3072K), 3 survivors (3072K)
 Metaspace       used 26113K, committed 26496K, reserved 1114112K
  class space    used 3423K, committed 3584K, reserved 1048576K
}
Event: 2.359 GC heap before
{Heap before GC invocations=6 (full 0):
 garbage-first heap   total 51200K, used 16271K [0x00000000e0000000, 0x0000000100000000)
  region size 1024K, 4 young (4096K), 3 survivors (3072K)
 Metaspace       used 26198K, committed 26624K, reserved 1114112K
  class space    used 3435K, committed 3648K, reserved 1048576K
}
Event: 2.361 GC heap after
{Heap after GC invocations=7 (full 0):
 garbage-first heap   total 51200K, used 15588K [0x00000000e0000000, 0x0000000100000000)
  region size 1024K, 1 young (1024K), 1 survivors (1024K)
 Metaspace       used 26198K, committed 26624K, reserved 1114112K
  class space    used 3435K, committed 3648K, reserved 1048576K
}
Event: 2.712 GC heap before
{Heap before GC invocations=7 (full 0):
 garbage-first heap   total 51200K, used 35044K [0x00000000e0000000, 0x0000000100000000)
  region size 1024K, 20 young (20480K), 1 survivors (1024K)
 Metaspace       used 27885K, committed 28288K, reserved 1114112K
  class space    used 3645K, committed 3840K, reserved 1048576K
}
Event: 2.713 GC heap after
{Heap after GC invocations=8 (full 0):
 garbage-first heap   total 51200K, used 17131K [0x00000000e0000000, 0x0000000100000000)
  region size 1024K, 3 young (3072K), 3 survivors (3072K)
 Metaspace       used 27885K, committed 28288K, reserved 1114112K
  class space    used 3645K, committed 3840K, reserved 1048576K
}
Event: 3.020 GC heap before
{Heap before GC invocations=8 (full 0):
 garbage-first heap   total 51200K, used 34539K [0x00000000e0000000, 0x0000000100000000)
  region size 1024K, 21 young (21504K), 3 survivors (3072K)
 Metaspace       used 29583K, committed 29952K, reserved 1114112K
  class space    used 3861K, committed 4032K, reserved 1048576K
}
Event: 3.021 GC heap after
{Heap after GC invocations=9 (full 0):
 garbage-first heap   total 51200K, used 18201K [0x00000000e0000000, 0x0000000100000000)
  region size 1024K, 2 young (2048K), 2 survivors (2048K)
 Metaspace       used 29583K, committed 29952K, reserved 1114112K
  class space    used 3861K, committed 4032K, reserved 1048576K
}
Event: 3.385 GC heap before
{Heap before GC invocations=9 (full 0):
 garbage-first heap   total 51200K, used 36633K [0x00000000e0000000, 0x0000000100000000)
  region size 1024K, 20 young (20480K), 2 survivors (2048K)
 Metaspace       used 32073K, committed 32512K, reserved 1114112K
  class space    used 4184K, committed 4352K, reserved 1048576K
}
Event: 3.387 GC heap after
{Heap after GC invocations=10 (full 0):
 garbage-first heap   total 51200K, used 19375K [0x00000000e0000000, 0x0000000100000000)
  region size 1024K, 3 young (3072K), 3 survivors (3072K)
 Metaspace       used 32073K, committed 32512K, reserved 1114112K
  class space    used 4184K, committed 4352K, reserved 1048576K
}

Dll operation events (8 events):
Event: 0.010 Loaded shared library C:\Program Files\Amazon Corretto\jdk17.0.9_8\bin\java.dll
Event: 0.026 Loaded shared library C:\Program Files\Amazon Corretto\jdk17.0.9_8\bin\jsvml.dll
Event: 0.183 Loaded shared library C:\Program Files\Amazon Corretto\jdk17.0.9_8\bin\net.dll
Event: 0.185 Loaded shared library C:\Program Files\Amazon Corretto\jdk17.0.9_8\bin\nio.dll
Event: 0.188 Loaded shared library C:\Program Files\Amazon Corretto\jdk17.0.9_8\bin\zip.dll
Event: 0.240 Loaded shared library C:\Program Files\Amazon Corretto\jdk17.0.9_8\bin\verify.dll
Event: 0.244 Loaded shared library C:\Program Files\Amazon Corretto\jdk17.0.9_8\bin\jimage.dll
Event: 0.534 Loaded shared library C:\Program Files\Amazon Corretto\jdk17.0.9_8\bin\sunmscapi.dll

Deoptimization events (20 events):
Event: 3.517 Thread 0x00000247b0ca9330 Uncommon trap: trap_request=0xffffffde fr.pc=0x00000247c0546dcc relative=0x000000000000014c
Event: 3.517 Thread 0x00000247b0ca9330 Uncommon trap: reason=class_check action=maybe_recompile pc=0x00000247c0546dcc method=java.lang.reflect.Array.newInstance(Ljava/lang/Class;I)Ljava/lang/Object; @ 2 c2
Event: 3.517 Thread 0x00000247b0ca9330 DEOPT PACKING pc=0x00000247c0546dcc sp=0x0000008adc7fa360
Event: 3.517 Thread 0x00000247b0ca9330 DEOPT UNPACKING pc=0x00000247bfc569a3 sp=0x0000008adc7fa2f8 mode 2
Event: 3.517 Thread 0x00000247b0ca9330 Uncommon trap: trap_request=0xffffffde fr.pc=0x00000247c0546dcc relative=0x000000000000014c
Event: 3.517 Thread 0x00000247b0ca9330 Uncommon trap: reason=class_check action=maybe_recompile pc=0x00000247c0546dcc method=java.lang.reflect.Array.newInstance(Ljava/lang/Class;I)Ljava/lang/Object; @ 2 c2
Event: 3.517 Thread 0x00000247b0ca9330 DEOPT PACKING pc=0x00000247c0546dcc sp=0x0000008adc7fa360
Event: 3.517 Thread 0x00000247b0ca9330 DEOPT UNPACKING pc=0x00000247bfc569a3 sp=0x0000008adc7fa2f8 mode 2
Event: 3.517 Thread 0x00000247b0ca9330 Uncommon trap: trap_request=0xffffffde fr.pc=0x00000247c043d3d8 relative=0x0000000000000118
Event: 3.517 Thread 0x00000247b0ca9330 Uncommon trap: reason=class_check action=maybe_recompile pc=0x00000247c043d3d8 method=org.springframework.boot.context.properties.source.ConfigurationPropertyName$Elements.charAt(II)C @ 43 c2
Event: 3.517 Thread 0x00000247b0ca9330 DEOPT PACKING pc=0x00000247c043d3d8 sp=0x0000008adc7f9df0
Event: 3.517 Thread 0x00000247b0ca9330 DEOPT UNPACKING pc=0x00000247bfc569a3 sp=0x0000008adc7f9d68 mode 2
Event: 3.518 Thread 0x00000247b0ca9330 Uncommon trap: trap_request=0xffffffde fr.pc=0x00000247c043d3d8 relative=0x0000000000000118
Event: 3.518 Thread 0x00000247b0ca9330 Uncommon trap: reason=class_check action=maybe_recompile pc=0x00000247c043d3d8 method=org.springframework.boot.context.properties.source.ConfigurationPropertyName$Elements.charAt(II)C @ 43 c2
Event: 3.518 Thread 0x00000247b0ca9330 DEOPT PACKING pc=0x00000247c043d3d8 sp=0x0000008adc7f9d90
Event: 3.518 Thread 0x00000247b0ca9330 DEOPT UNPACKING pc=0x00000247bfc569a3 sp=0x0000008adc7f9d08 mode 2
Event: 3.534 Thread 0x00000247b0ca9330 Uncommon trap: trap_request=0xffffff45 fr.pc=0x00000247c051ab2c relative=0x0000000000000b2c
Event: 3.534 Thread 0x00000247b0ca9330 Uncommon trap: reason=unstable_if action=reinterpret pc=0x00000247c051ab2c method=org.springframework.beans.factory.support.DefaultSingletonBeanRegistry.getSingleton(Ljava/lang/String;Z)Ljava/lang/Object; @ 20 c2
Event: 3.534 Thread 0x00000247b0ca9330 DEOPT PACKING pc=0x00000247c051ab2c sp=0x0000008adc7f9be0
Event: 3.534 Thread 0x00000247b0ca9330 DEOPT UNPACKING pc=0x00000247bfc569a3 sp=0x0000008adc7f9b78 mode 2

Classes unloaded (0 events):
No events

Classes redefined (0 events):
No events

Internal exceptions (20 events):
Event: 3.370 Thread 0x00000247b0ca9330 Exception <a 'java/lang/NoSuchMethodError'{0x00000000e201d5d8}: 'java.lang.Object java.lang.invoke.DirectMethodHandle$Holder.invokeSpecial(java.lang.Object, java.lang.Object, java.lang.Object, java.lang.Object, java.lang.Object, java.lang.Object, java.lang.Object, java.lang.Object, java.lang.Object, java.lang.Object, java.lang.Object, java.lang.Object, java.lang.Object, java.lang.Object, java.lang.Object)'> (0x00000000e201d5d8) 
thrown [s\src\hotspot\share\interpreter\linkResolver.cpp, line 759]
Event: 3.371 Thread 0x00000247b0ca9330 Exception <a 'java/lang/NoSuchMethodError'{0x00000000e202e228}: 'int java.lang.invoke.DirectMethodHandle$Holder.invokeStaticInit(java.lang.Object, int, int)'> (0x00000000e202e228) 
thrown [s\src\hotspot\share\interpreter\linkResolver.cpp, line 759]
Event: 3.372 Thread 0x00000247b0ca9330 Exception <a 'java/lang/NoSuchMethodError'{0x00000000e2036210}: 'int java.lang.invoke.DirectMethodHandle$Holder.invokeStaticInit(java.lang.Object, long, long)'> (0x00000000e2036210) 
thrown [s\src\hotspot\share\interpreter\linkResolver.cpp, line 759]
Event: 3.372 Thread 0x00000247b0ca9330 Exception <a 'java/lang/NoSuchMethodError'{0x00000000e203d858}: 'int java.lang.invoke.DirectMethodHandle$Holder.invokeStaticInit(java.lang.Object, float, float)'> (0x00000000e203d858) 
thrown [s\src\hotspot\share\interpreter\linkResolver.cpp, line 759]
Event: 3.372 Thread 0x00000247b0ca9330 Exception <a 'java/lang/NoSuchMethodError'{0x00000000e2044ea8}: 'int java.lang.invoke.DirectMethodHandle$Holder.invokeStaticInit(java.lang.Object, double, double)'> (0x00000000e2044ea8) 
thrown [s\src\hotspot\share\interpreter\linkResolver.cpp, line 759]
Event: 3.373 Thread 0x00000247b0ca9330 Exception <a 'java/lang/NoSuchMethodError'{0x00000000e2049c70}: 'int java.lang.invoke.DirectMethodHandle$Holder.invokeStatic(java.lang.Object, long)'> (0x00000000e2049c70) 
thrown [s\src\hotspot\share\interpreter\linkResolver.cpp, line 759]
Event: 3.375 Thread 0x00000247b0ca9330 Exception <a 'java/lang/NoSuchMethodError'{0x00000000e206ef88}: 'int java.lang.invoke.DirectMethodHandle$Holder.invokeSpecial(java.lang.Object, java.lang.Object, int)'> (0x00000000e206ef88) 
thrown [s\src\hotspot\share\interpreter\linkResolver.cpp, line 759]
Event: 3.375 Thread 0x00000247b0ca9330 Exception <a 'java/lang/NoSuchMethodError'{0x00000000e20770e0}: 'int java.lang.invoke.Invokers$Holder.linkToTargetMethod(java.lang.Object, java.lang.Object)'> (0x00000000e20770e0) 
thrown [s\src\hotspot\share\interpreter\linkResolver.cpp, line 759]
Event: 3.393 Thread 0x00000247b0ca9330 Exception <a 'java/lang/NoSuchMethodError'{0x00000000eff37b58}: 'java.lang.Object java.lang.invoke.DirectMethodHandle$Holder.invokeSpecial(java.lang.Object, java.lang.Object, java.lang.Object, java.lang.Object, java.lang.Object, java.lang.Object, java.lang.Object, java.lang.Object, java.lang.Object, java.lang.Object)'> (0x00000000eff37b58) 
thrown [s\src\hotspot\share\interpreter\linkResolver.cpp, line 759]
Event: 3.393 Thread 0x00000247b0ca9330 Exception <a 'java/lang/NoSuchMethodError'{0x00000000eff3c938}: 'java.lang.Object java.lang.invoke.Invokers$Holder.invoke_MT(java.lang.Object, java.lang.Object, java.lang.Object, java.lang.Object, java.lang.Object, java.lang.Object, java.lang.Object, java.lang.Object, java.lang.Object, java.lang.Object)'> (0x00000000eff3c938) 
thrown [s\src\hotspot\share\interpreter\linkResolver.cpp, line 759]
Event: 3.398 Thread 0x00000247b0ca9330 Exception <a 'java/lang/NoSuchMethodError'{0x00000000eff83838}: 'java.lang.Object java.lang.invoke.DirectMethodHandle$Holder.invokeSpecial(java.lang.Object, java.lang.Object, int, java.lang.Object, java.lang.Object)'> (0x00000000eff83838) 
thrown [s\src\hotspot\share\interpreter\linkResolver.cpp, line 759]
Event: 3.398 Thread 0x00000247b0ca9330 Exception <a 'java/lang/NoSuchMethodError'{0x00000000eff87cd8}: 'java.lang.Object java.lang.invoke.DelegatingMethodHandle$Holder.delegate(java.lang.Object, int, java.lang.Object, java.lang.Object)'> (0x00000000eff87cd8) 
thrown [s\src\hotspot\share\interpreter\linkResolver.cpp, line 759]
Event: 3.399 Thread 0x00000247b0ca9330 Exception <a 'java/lang/NoSuchMethodError'{0x00000000eff99358}: 'int java.lang.invoke.Invokers$Holder.linkToTargetMethod(java.lang.Object, java.lang.Object, java.lang.Object)'> (0x00000000eff99358) 
thrown [s\src\hotspot\share\interpreter\linkResolver.cpp, line 759]
Event: 3.448 Thread 0x00000247b0ca9330 Exception <a 'java/lang/NoClassDefFoundError'{0x00000000efa82390}: org/flywaydb/core/Flyway> (0x00000000efa82390) 
thrown [s\src\hotspot\share\classfile\systemDictionary.cpp, line 245]
Event: 3.448 Thread 0x00000247b0ca9330 Exception <a 'java/lang/NoClassDefFoundError'{0x00000000efa85828}: liquibase/integration/spring/SpringLiquibase> (0x00000000efa85828) 
thrown [s\src\hotspot\share\classfile\systemDictionary.cpp, line 245]
Event: 3.456 Thread 0x00000247b0ca9330 Exception <a 'java/lang/NoClassDefFoundError'{0x00000000efad20e0}: org/springframework/batch/core/repository/JobRepository> (0x00000000efad20e0) 
thrown [s\src\hotspot\share\classfile\systemDictionary.cpp, line 245]
Event: 3.456 Thread 0x00000247b0ca9330 Exception <a 'java/lang/NoClassDefFoundError'{0x00000000efad5160}: org/quartz/Scheduler> (0x00000000efad5160) 
thrown [s\src\hotspot\share\classfile\systemDictionary.cpp, line 245]
Event: 3.457 Thread 0x00000247b0ca9330 Exception <a 'java/lang/NoClassDefFoundError'{0x00000000efad8880}: org/springframework/session/jdbc/JdbcIndexedSessionRepository> (0x00000000efad8880) 
thrown [s\src\hotspot\share\classfile\systemDictionary.cpp, line 245]
Event: 3.482 Thread 0x00000247b0ca9330 Exception <a 'java/lang/NoClassDefFoundError'{0x00000000ef8e4458}: org/jooq/DSLContext> (0x00000000ef8e4458) 
thrown [s\src\hotspot\share\classfile\systemDictionary.cpp, line 245]
Event: 3.482 Thread 0x00000247b0ca9330 Exception <a 'java/lang/NoClassDefFoundError'{0x00000000ef8e8c20}: jakarta/persistence/EntityManagerFactory> (0x00000000ef8e8c20) 
thrown [s\src\hotspot\share\classfile\systemDictionary.cpp, line 245]

VM Operations (20 events):
Event: 2.711 Executing VM operation: G1CollectForAllocation
Event: 2.713 Executing VM operation: G1CollectForAllocation done
Event: 2.904 Executing VM operation: HandshakeAllThreads
Event: 2.904 Executing VM operation: HandshakeAllThreads done
Event: 2.913 Executing VM operation: ICBufferFull
Event: 2.913 Executing VM operation: ICBufferFull done
Event: 3.020 Executing VM operation: G1CollectForAllocation
Event: 3.021 Executing VM operation: G1CollectForAllocation done
Event: 3.077 Executing VM operation: HandshakeAllThreads
Event: 3.077 Executing VM operation: HandshakeAllThreads done
Event: 3.077 Executing VM operation: HandshakeAllThreads
Event: 3.077 Executing VM operation: HandshakeAllThreads done
Event: 3.368 Executing VM operation: ICBufferFull
Event: 3.368 Executing VM operation: ICBufferFull done
Event: 3.379 Executing VM operation: HandshakeAllThreads
Event: 3.379 Executing VM operation: HandshakeAllThreads done
Event: 3.382 Executing VM operation: HandshakeAllThreads
Event: 3.382 Executing VM operation: HandshakeAllThreads done
Event: 3.385 Executing VM operation: G1CollectForAllocation
Event: 3.387 Executing VM operation: G1CollectForAllocation done

Events (20 events):
Event: 3.506 loading class sun/security/util/Cache
Event: 3.506 loading class sun/security/util/Cache done
Event: 3.506 loading class sun/security/util/MemoryCache
Event: 3.506 loading class sun/security/util/MemoryCache done
Event: 3.506 loading class java/security/interfaces/RSAPublicKey
Event: 3.506 loading class java/security/PublicKey
Event: 3.506 loading class java/security/Key
Event: 3.506 loading class java/security/Key done
Event: 3.506 loading class java/security/PublicKey done
Event: 3.506 loading class java/security/interfaces/RSAKey
Event: 3.506 loading class java/security/interfaces/RSAKey done
Event: 3.506 loading class java/security/interfaces/RSAPublicKey done
Event: 3.507 loading class java/security/interfaces/RSAPrivateKey
Event: 3.507 loading class java/security/PrivateKey
Event: 3.507 loading class javax/security/auth/Destroyable
Event: 3.507 loading class javax/security/auth/Destroyable done
Event: 3.507 loading class java/security/PrivateKey done
Event: 3.507 loading class java/security/interfaces/RSAPrivateKey done
Event: 3.532 loading class javax/naming/NameNotFoundException
Event: 3.532 loading class javax/naming/NameNotFoundException done


Dynamic libraries:
0x00007ff61d3b0000 - 0x00007ff61d3be000 	C:\Program Files\Amazon Corretto\jdk17.0.9_8\bin\java.exe
0x00007fff2f6b0000 - 0x00007fff2f8a8000 	C:\Windows\SYSTEM32\ntdll.dll
0x00007fff2da70000 - 0x00007fff2db2d000 	C:\Windows\System32\KERNEL32.DLL
0x00007fff2cef0000 - 0x00007fff2d1e6000 	C:\Windows\System32\KERNELBASE.dll
0x00007fff2d4c0000 - 0x00007fff2d5c0000 	C:\Windows\System32\ucrtbase.dll
0x00007fff20e60000 - 0x00007fff20e7b000 	C:\Program Files\Amazon Corretto\jdk17.0.9_8\bin\VCRUNTIME140.dll
0x00007fff20f00000 - 0x00007fff20f17000 	C:\Program Files\Amazon Corretto\jdk17.0.9_8\bin\jli.dll
0x00007fff2db30000 - 0x00007fff2dcce000 	C:\Windows\System32\USER32.dll
0x00007fff2cec0000 - 0x00007fff2cee2000 	C:\Windows\System32\win32u.dll
0x00007fff2dcd0000 - 0x00007fff2dcfb000 	C:\Windows\System32\GDI32.dll
0x00007fff2d220000 - 0x00007fff2d337000 	C:\Windows\System32\gdi32full.dll
0x00007fff1f220000 - 0x00007fff1f4ba000 	C:\Windows\WinSxS\amd64_microsoft.windows.common-controls_6595b64144ccf1df_6.0.19041.3636_none_60b6a03d71f818d5\COMCTL32.dll
0x00007fff2d340000 - 0x00007fff2d3dd000 	C:\Windows\System32\msvcp_win.dll
0x00007fff2d740000 - 0x00007fff2d7de000 	C:\Windows\System32\msvcrt.dll
0x00007fff2ed70000 - 0x00007fff2eda2000 	C:\Windows\System32\IMM32.DLL
0x00007fff287e0000 - 0x00007fff287ec000 	C:\Program Files\Amazon Corretto\jdk17.0.9_8\bin\vcruntime140_1.dll
0x00007ffefc9a0000 - 0x00007ffefca2d000 	C:\Program Files\Amazon Corretto\jdk17.0.9_8\bin\msvcp140.dll
0x00007ffeec580000 - 0x00007ffeed1e1000 	C:\Program Files\Amazon Corretto\jdk17.0.9_8\bin\server\jvm.dll
0x00007fff2d7e0000 - 0x00007fff2d890000 	C:\Windows\System32\ADVAPI32.dll
0x00007fff2dfe0000 - 0x00007fff2e080000 	C:\Windows\System32\sechost.dll
0x00007fff2dd00000 - 0x00007fff2de25000 	C:\Windows\System32\RPCRT4.dll
0x00007fff2d1f0000 - 0x00007fff2d217000 	C:\Windows\System32\bcrypt.dll
0x00007fff0d720000 - 0x00007fff0d729000 	C:\Windows\SYSTEM32\WSOCK32.dll
0x00007fff1a690000 - 0x00007fff1a6b7000 	C:\Windows\SYSTEM32\WINMM.dll
0x00007fff2c2b0000 - 0x00007fff2c2fb000 	C:\Windows\SYSTEM32\POWRPROF.dll
0x00007fff26f30000 - 0x00007fff26f3a000 	C:\Windows\SYSTEM32\VERSION.dll
0x00007fff2e9a0000 - 0x00007fff2ea0b000 	C:\Windows\System32\WS2_32.dll
0x00007fff2c170000 - 0x00007fff2c182000 	C:\Windows\SYSTEM32\UMPDC.dll
0x00007fff2ab50000 - 0x00007fff2ab62000 	C:\Windows\SYSTEM32\kernel.appcore.dll
0x00007fff28670000 - 0x00007fff2867a000 	C:\Program Files\Amazon Corretto\jdk17.0.9_8\bin\jimage.dll
0x00007fff18760000 - 0x00007fff18944000 	C:\Windows\SYSTEM32\DBGHELP.DLL
0x00007fff0ecd0000 - 0x00007fff0ed04000 	C:\Windows\SYSTEM32\dbgcore.DLL
0x00007fff2d3e0000 - 0x00007fff2d462000 	C:\Windows\System32\bcryptPrimitives.dll
0x00007fff12f90000 - 0x00007fff12fb5000 	C:\Program Files\Amazon Corretto\jdk17.0.9_8\bin\java.dll
0x00007ffef83d0000 - 0x00007ffef84a7000 	C:\Program Files\Amazon Corretto\jdk17.0.9_8\bin\jsvml.dll
0x00007fff2e230000 - 0x00007fff2e99b000 	C:\Windows\System32\SHELL32.dll
0x00007fff2ae30000 - 0x00007fff2b5ce000 	C:\Windows\SYSTEM32\windows.storage.dll
0x00007fff2f310000 - 0x00007fff2f663000 	C:\Windows\System32\combase.dll
0x00007fff2c790000 - 0x00007fff2c7be000 	C:\Windows\SYSTEM32\Wldp.dll
0x00007fff2d8f0000 - 0x00007fff2d9bd000 	C:\Windows\System32\OLEAUT32.dll
0x00007fff2e080000 - 0x00007fff2e12d000 	C:\Windows\System32\SHCORE.dll
0x00007fff2eac0000 - 0x00007fff2eb15000 	C:\Windows\System32\shlwapi.dll
0x00007fff2cc90000 - 0x00007fff2ccb5000 	C:\Windows\SYSTEM32\profapi.dll
0x00007fff1e370000 - 0x00007fff1e389000 	C:\Program Files\Amazon Corretto\jdk17.0.9_8\bin\net.dll
0x00007fff267f0000 - 0x00007fff268fa000 	C:\Windows\SYSTEM32\WINHTTP.dll
0x00007fff2c4f0000 - 0x00007fff2c55a000 	C:\Windows\system32\mswsock.dll
0x00007fff1ca40000 - 0x00007fff1ca56000 	C:\Program Files\Amazon Corretto\jdk17.0.9_8\bin\nio.dll
0x00007fff20e30000 - 0x00007fff20e48000 	C:\Program Files\Amazon Corretto\jdk17.0.9_8\bin\zip.dll
0x00007fff20c90000 - 0x00007fff20ca0000 	C:\Program Files\Amazon Corretto\jdk17.0.9_8\bin\verify.dll
0x00007fff1d950000 - 0x00007fff1d95e000 	C:\Program Files\Amazon Corretto\jdk17.0.9_8\bin\sunmscapi.dll
0x00007fff2cd60000 - 0x00007fff2cebd000 	C:\Windows\System32\CRYPT32.dll
0x00007fff2c800000 - 0x00007fff2c828000 	C:\Windows\SYSTEM32\ncrypt.dll
0x00007fff2c7c0000 - 0x00007fff2c7fb000 	C:\Windows\SYSTEM32\NTASN1.dll
0x00007fff01df0000 - 0x00007fff01df7000 	C:\Windows\system32\wshunix.dll
0x00007fff2c6e0000 - 0x00007fff2c6f8000 	C:\Windows\SYSTEM32\CRYPTSP.dll
0x00007fff2bdb0000 - 0x00007fff2bde4000 	C:\Windows\system32\rsaenh.dll
0x00007fff2cc50000 - 0x00007fff2cc7e000 	C:\Windows\SYSTEM32\USERENV.dll
0x00007fff2c700000 - 0x00007fff2c70c000 	C:\Windows\SYSTEM32\CRYPTBASE.dll
0x00007fff2c190000 - 0x00007fff2c1cb000 	C:\Windows\SYSTEM32\IPHLPAPI.DLL
0x00007fff2e220000 - 0x00007fff2e228000 	C:\Windows\System32\NSI.dll
0x00007fff27160000 - 0x00007fff27177000 	C:\Windows\SYSTEM32\dhcpcsvc6.DLL
0x00007fff26bb0000 - 0x00007fff26bcd000 	C:\Windows\SYSTEM32\dhcpcsvc.DLL
0x00007fff2c1e0000 - 0x00007fff2c2ab000 	C:\Windows\SYSTEM32\DNSAPI.dll

dbghelp: loaded successfully - version: 4.0.5 - missing functions: none
symbol engine: initialized successfully - sym options: 0x614 - pdb path: .;C:\Program Files\Amazon Corretto\jdk17.0.9_8\bin;C:\Windows\SYSTEM32;C:\Windows\WinSxS\amd64_microsoft.windows.common-controls_6595b64144ccf1df_6.0.19041.3636_none_60b6a03d71f818d5;C:\Program Files\Amazon Corretto\jdk17.0.9_8\bin\server

VM Arguments:
jvm_args: -Dorg.gradle.internal.worker.tmpdir=C:\Users\HOME\IdeaProjects\nnzz\build\tmp\test\work -Xmx512m -Dfile.encoding=UTF-8 -Duser.country=KR -Duser.language=ko -Duser.variant -ea 
java_command: worker.org.gradle.process.internal.worker.GradleWorkerMain 'Gradle Test Executor 2'
java_class_path (initial): C:\\Users\\HOME\\.gradle\\caches\\8.10.2\\workerMain\\gradle-worker.jar;C:\\Users\\HOME\\IdeaProjects\\nnzz\\build\\classes\\java\\test;C:\\Users\\HOME\\IdeaProjects\\nnzz\\build\\classes\\java\\main;C:\\Users\\HOME\\IdeaProjects\\nnzz\\build\\resources\\main;C:\\Users\\HOME\\.gradle\\caches\\modules-2\\files-2.1\\org.springframework.boot\\spring-boot-starter-web\\3.3.4\\b43a9fd107611337777b47dc7518e2aca59e58eb\\spring-boot-starter-web-3.3.4.jar;C:\\Users\\HOME\\.gradle\\caches\\modules-2\\files-2.1\\org.springframework.boot\\spring-boot-starter-thymeleaf\\3.3.4\\29c4b1acf955b350bf7d8fd201798d30647fb89e\\spring-boot-starter-thymeleaf-3.3.4.jar;C:\\Users\\HOME\\.gradle\\caches\\modules-2\\files-2.1\\nz.net.ultraq.thymeleaf\\thymeleaf-layout-dialect\\3.3.0\\275da01788302e514c0549a4db5fa6b29ef84ba6\\thymeleaf-layout-dialect-3.3.0.jar;C:\\Users\\HOME\\.gradle\\caches\\modules-2\\files-2.1\\org.postgresql\\postgresql\\42.7.3\\24f3e9f7231428cd20eb4dde00dd3fce44e05464\\postgresql-42.7.3.jar;C:\\Users\\HOME\\.gradle\\caches\\modules-2\\files-2.1\\org.mybatis.spring.boot\\mybatis-spring-boot-starter\\3.0.3\\19528356bf8bad2be5f8bf796dfc30bcc4996054\\mybatis-spring-boot-starter-3.0.3.jar;C:\\Users\\HOME\\.gradle\\caches\\modules-2\\files-2.1\\org.springdoc\\springdoc-openapi-starter-webmvc-ui\\2.0.2\\264da79c9d4a53feab8c5c6d0e0cb143bd099d4\\springdoc-openapi-starter-webmvc-ui-2.0.2.jar;C:\\Users\\HOME\\.gradle\\caches\\modules-2\\files-2.1\\org.springframework.boot\\spring-boot-starter-oauth2-client\\3.3.4\\32fce0906617e9afc48a50a20a161674b080027f\\spring-boot-starter-oauth2-client-3.3.4.jar;C:\\Users\\HOME\\.gradle\\caches\\modules-2\\files-2.1\\org.springframework.boot\\spring-boot-starter-security\\3.3.4\\58e8b8decf2116c2e3422368d8f1ebd5bdff117\\spring-boot-starter-security-3.3.4.jar;C:\\Users\\HOME\\.gradle\\caches\\modules-2\\files-2.1\\org.mybatis.spring.boot\\mybatis-spring-boot-starter-test\\3.0.3\\b1ad9be6dce278ad0587e473342b0396881de49c\\
Launcher Type: SUN_STANDARD

[Global flags]
     intx CICompilerCount                          = 12                                        {product} {ergonomic}
     uint ConcGCThreads                            = 3                                         {product} {ergonomic}
     uint G1ConcRefinementThreads                  = 13                                        {product} {ergonomic}
   size_t G1HeapRegionSize                         = 1048576                                   {product} {ergonomic}
    uintx GCDrainStackTargetSize                   = 64                                        {product} {ergonomic}
   size_t InitialHeapSize                          = 268435456                                 {product} {ergonomic}
   size_t MarkStackSize                            = 4194304                                   {product} {ergonomic}
   size_t MaxHeapSize                              = 536870912                                 {product} {command line}
   size_t MaxNewSize                               = 321912832                                 {product} {ergonomic}
   size_t MinHeapDeltaBytes                        = 1048576                                   {product} {ergonomic}
   size_t MinHeapSize                              = 8388608                                   {product} {ergonomic}
    uintx NonNMethodCodeHeapSize                   = 7602480                                {pd product} {ergonomic}
    uintx NonProfiledCodeHeapSize                  = 122027880                              {pd product} {ergonomic}
    uintx ProfiledCodeHeapSize                     = 122027880                              {pd product} {ergonomic}
    uintx ReservedCodeCacheSize                    = 251658240                              {pd product} {ergonomic}
     bool SegmentedCodeCache                       = true                                      {product} {ergonomic}
   size_t SoftMaxHeapSize                          = 536870912                              {manageable} {ergonomic}
     bool UseCompressedClassPointers               = true                           {product lp64_product} {ergonomic}
     bool UseCompressedOops                        = true                           {product lp64_product} {ergonomic}
     bool UseG1GC                                  = true                                      {product} {ergonomic}
     bool UseLargePagesIndividualAllocation        = false                                  {pd product} {ergonomic}

Logging:
Log output configuration:
 #0: stdout all=warning uptime,level,tags
 #1: stderr all=off uptime,level,tags

Environment Variables:
JAVA_HOME=C:\Program Files\Amazon Corretto\jdk17.0.9_8
PATH=C:\Python312\Scripts\;C:\Python312\;C:\Program Files\Amazon Corretto\jdk17.0.9_8\bin;C:\Users\HOME\DB\WINDOWS.X64_193000_db_home\bin;C:\Windows\system32;C:\Windows;C:\Windows\System32\Wbem;C:\Windows\System32\WindowsPowerShell\v1.0\;C:\Windows\System32\OpenSSH\;C:\Program Files (x86)\NVIDIA Corporation\PhysX\Common;C:\Program Files\Bandizip\;C:\Program Files\nodejs\;C:\ProgramData\chocolatey\bin;C:\Program Files\Git\cmd;C:\Users\HOME\AppData\Local\Microsoft\WindowsApps;;C:\Program Files\JetBrains\IntelliJ IDEA 2024.1\bin;;C:\Users\HOME\AppData\Roaming\npm;C:\Program Files\JetBrains\PyCharm 2024.2.1\bin;
USERNAME=HOME
OS=Windows_NT
PROCESSOR_IDENTIFIER=AMD64 Family 23 Model 1 Stepping 1, AuthenticAMD
TMP=C:\Users\HOME\AppData\Local\Temp
TEMP=C:\Users\HOME\AppData\Local\Temp



Periodic native trim disabled


---------------  S Y S T E M  ---------------

OS:
 Windows 10 , 64 bit Build 19041 (10.0.19041.3636)
OS uptime: 5 days 6:45 hours

CPU: total 16 (initial active 16) (16 cores per cpu, 2 threads per core) family 23 model 1 stepping 1 microcode 0x0, cx8, cmov, fxsr, ht, mmx, 3dnowpref, sse, sse2, sse3, ssse3, sse4a, sse4.1, sse4.2, popcnt, lzcnt, tsc, tscinvbit, avx, avx2, aes, clmul, bmi1, bmi2, adx, sha, fma, vzeroupper, clflush, clflushopt
Processor Information for all 16 processors :
  Max Mhz: 3800, Current Mhz: 3800, Mhz Limit: 3800

Memory: 4k page, system-wide physical 16309M (3562M free)
TotalPageFile size 31687M (AvailPageFile size 5213M)
current process WorkingSet (physical memory assigned to process): 183M, peak: 183M
current process commit charge ("private bytes"): 233M, peak: 422M

vm_info: OpenJDK 64-Bit Server VM (17.0.9+8-LTS) for windows-amd64 JRE (17.0.9+8-LTS), built on Oct 12 2023 16:15:33 by "Administrator" with MS VC++ 16.10 / 16.11 (VS2019)

END.
